<?xml version="1.0" encoding="utf-8"?><testsuites name="pytest tests"><testsuite name="pytest" errors="0" failures="0" skipped="0" tests="13" time="6.087" timestamp="2026-09-13T03:24:27.181054+00:00" hostname="agent-env-15d43ab3-7b31-4a3f-b9fb-fb60fbc654c0"><testcase classname="tests.backend_test.TestAuth" name="test_wrong_password" time="0.544" /><testcase classname="tests.backend_test.TestAuth" name="test_me_requires_auth" time="0.253" /><testcase classname="tests.backend_test.TestCRUD" name="test_crud_flow[programs-payload0-update0]" time="2.043" /><testcase classname="tests.backend_test.TestAuth" name="test_me_with_bearer" time="0.667" /><testcase classname="tests.backend_test.TestAuth" name="test_unauth_create_program" time="0.210" /><testcase classname="tests.backend_test.TestPublicContent" name="test_get_content_has_seeded_data" time="0.234" /><testcase classname="tests.backend_test.TestPublicContent" name="test_get_settings" time="0.179" /><testcase classname="tests.backend_test.TestCRUD" name="test_crud_flow[tutors-payload1-update1]" time="1.170" /><testcase classname="tests.backend_test.TestRegistrations" name="test_registration_flow" time="1.237" /><testcase classname="tests.backend_test.TestCRUD" name="test_crud_flow[packages-payload2-update2]" time="1.132" /><testcase classname="tests.backend_test.TestRegistrations" name="test_registrations_requires_auth" time="0.184" /><testcase classname="tests.backend_test.TestSettings" name="test_update_settings_persists" time="0.707" /><testcase classname="tests.backend_test.TestCRUD" name="test_crud_flow[faqs-payload3-update3]" time="1.242" /></testsuite></testsuites>